\BOOKMARK [0][-]{figure.caption.1}{Introduction}{}% 1
\BOOKMARK [0][-]{chapter.1}{Preliminaries}{}% 2
\BOOKMARK [1][-]{section.1.1}{Graph Theory}{chapter.1}% 3
\BOOKMARK [1][-]{section.1.2}{Quantum Walks}{chapter.1}% 4
\BOOKMARK [1][-]{section.1.3}{Grover's Quantum Search}{chapter.1}% 5
\BOOKMARK [1][-]{section.1.4}{Quantum Search with Continous-Time Quantum Walk}{chapter.1}% 6
\BOOKMARK [2][-]{subsection.1.4.1}{Search on Complete Graph}{section.1.4}% 7
\BOOKMARK [1][-]{section.1.5}{Adiabatic Theorem}{chapter.1}% 8
\BOOKMARK [2][-]{subsection.1.5.1}{Computation by Adiabatic Evolution}{section.1.5}% 9
\BOOKMARK [0][-]{chapter.2}{Quantum Walks with Time-Dependent Hamiltonians}{}% 10
\BOOKMARK [1][-]{section.2.1}{Search with Time-Dependent Hamiltonian}{chapter.2}% 11
\BOOKMARK [2][-]{subsection.2.1.1}{Comments on the shape of s\(t\)}{section.2.1}% 12
\BOOKMARK [2][-]{subsection.2.1.2}{Complete Graph}{section.2.1}% 13
\BOOKMARK [2][-]{subsection.2.1.3}{Circular Graph}{section.2.1}% 14
\BOOKMARK [1][-]{section.2.2}{Results for the circular graph}{chapter.2}% 15
\BOOKMARK [2][-]{subsection.2.2.1}{Search vs Localization}{section.2.2}% 16
\BOOKMARK [2][-]{subsection.2.2.2}{Time-Independent Benchmark}{section.2.2}% 17
\BOOKMARK [2][-]{subsection.2.2.3}{Time-Dependent Results}{section.2.2}% 18
\BOOKMARK [2][-]{subsection.2.2.4}{Comparing the two approaches}{section.2.2}% 19
\BOOKMARK [0][-]{subsection.2.2.4}{Conclusions}{}% 20
\BOOKMARK [0][-]{subsection.2.2.4}{Appendices}{}% 21
\BOOKMARK [1][-]{section*.3}{Appendix A}{subsection.2.2.4}% 22
\BOOKMARK [1][-]{section*.3}{Appendix B}{subsection.2.2.4}% 23
\BOOKMARK [0][-]{section*.3}{Bibliography}{}% 24
